<?xml version="1.0" encoding="UTF-8"?>
<!-- Generated by org.testng.reporters.JUnitReportReporter -->
<testsuite hostname="Elvons-Library" failures="0" tests="1" name="SetUp.CrossBrowserTest.CrossBrowsertest" time="13.135" errors="0" timestamp="2023-08-09T16:52:08 WAT" skipped="0">
  <testcase classname="SetUp.CrossBrowserTest.CrossBrowsertest" name="testCrossBrowser" time="13.135"/>
  <system-out/>
</testsuite> <!-- SetUp.CrossBrowserTest.CrossBrowsertest -->
