<?xml version="1.0" encoding="UTF-8"?>
<!-- Generated by org.testng.reporters.JUnitReportReporter -->
<testsuite hostname="Elvons-Library" failures="0" tests="1" name="SetUp.CrossBrowserTest.CrossBrowsertest" time="10.932" errors="0" timestamp="2023-08-09T12:25:53 WAT" skipped="0">
  <testcase classname="SetUp.CrossBrowserTest.CrossBrowsertest" name="testCrossBrowser" time="10.932"/>
  <system-out/>
</testsuite> <!-- SetUp.CrossBrowserTest.CrossBrowsertest -->
